2024-01-15T23:34:12.308+0800	ERROR	cache/disk_cache.go:193	read Config Content failed. cause file doesn't exist, file path: cache\config\core-api.yaml@@dev@@6a8f2a93-4459-4b20-885f-686f9f4cc6b9_failover.
2024-01-15T23:34:12.310+0800	DEBUG	rpc/rpc_client.go:290	config-0-52e99ab0-4157-4066-a3f0-e8958e6d8562 register server push request:ConfigChangeNotifyRequest handler:ConfigChangeNotifyRequestHandler
2024-01-15T23:34:12.310+0800	DEBUG	rpc/rpc_client.go:290	config-0-52e99ab0-4157-4066-a3f0-e8958e6d8562 register server push request:ConnectResetRequest handler:ConnectResetRequestHandler
2024-01-15T23:34:12.310+0800	DEBUG	rpc/rpc_client.go:290	config-0-52e99ab0-4157-4066-a3f0-e8958e6d8562 register server push request:ClientDetectionRequest handler:ClientDetectionRequestHandler
2024-01-15T23:34:12.310+0800	INFO	rpc/rpc_client.go:224	[RpcClient.Start] config-0-52e99ab0-4157-4066-a3f0-e8958e6d8562 try to connect to server on start up, server: {serverIp:101.35.238.12 serverPort:8848 serverGrpcPort:9848}
2024-01-15T23:34:12.397+0800	INFO	util/common.go:96	Local IP:172.20.224.1
2024-01-15T23:34:15.327+0800	WARN	rpc/rpc_client.go:226	[RpcClient.Start] config-0-52e99ab0-4157-4066-a3f0-e8958e6d8562 fail to connect to server on start up, error message=server check request failed , err:rpc error: code = DeadlineExceeded desc = context deadline exceeded, start up retry times left=2
2024-01-15T23:34:15.327+0800	INFO	rpc/rpc_client.go:224	[RpcClient.Start] config-0-52e99ab0-4157-4066-a3f0-e8958e6d8562 try to connect to server on start up, server: {serverIp:101.35.238.12 serverPort:8848 serverGrpcPort:9848}
2024-01-15T23:34:18.334+0800	WARN	rpc/rpc_client.go:226	[RpcClient.Start] config-0-52e99ab0-4157-4066-a3f0-e8958e6d8562 fail to connect to server on start up, error message=server check request failed , err:rpc error: code = DeadlineExceeded desc = context deadline exceeded, start up retry times left=1
2024-01-15T23:34:18.334+0800	INFO	rpc/rpc_client.go:224	[RpcClient.Start] config-0-52e99ab0-4157-4066-a3f0-e8958e6d8562 try to connect to server on start up, server: {serverIp:101.35.238.12 serverPort:8848 serverGrpcPort:9848}
2024-01-15T23:34:21.338+0800	WARN	rpc/rpc_client.go:226	[RpcClient.Start] config-0-52e99ab0-4157-4066-a3f0-e8958e6d8562 fail to connect to server on start up, error message=server check request failed , err:rpc error: code = DeadlineExceeded desc = context deadline exceeded, start up retry times left=0
2024-01-15T23:34:21.338+0800	INFO	rpc/rpc_client.go:322	config-0-52e99ab0-4157-4066-a3f0-e8958e6d8562 try to re connect to a new server, server is not appointed, will choose a random server.
2024-01-15T23:34:21.338+0800	ERROR	rpc/rpc_client.go:525	Send request fail, request=ConfigQueryRequest, body={"requestId":"","group":"dev","dataId":"core-api.yaml","tenant":"6a8f2a93-4459-4b20-885f-686f9f4cc6b9","module":"config","tag":""}, retryTimes=0, error=client not connected, current status:STARTING
github.com/nacos-group/nacos-sdk-go/v2/common/remote/rpc.(*RpcClient).Request
	C:/Users/71563/go/pkg/mod/github.com/nacos-group/nacos-sdk-go/v2@v2.2.5/common/remote/rpc/rpc_client.go:487
github.com/nacos-group/nacos-sdk-go/v2/clients/config_client.(*ConfigProxy).requestProxy
	C:/Users/71563/go/pkg/mod/github.com/nacos-group/nacos-sdk-go/v2@v2.2.5/clients/config_client/config_proxy.go:64
github.com/nacos-group/nacos-sdk-go/v2/clients/config_client.(*ConfigProxy).queryConfig
	C:/Users/71563/go/pkg/mod/github.com/nacos-group/nacos-sdk-go/v2@v2.2.5/clients/config_client/config_proxy.go:116
github.com/nacos-group/nacos-sdk-go/v2/clients/config_client.(*ConfigClient).getConfigInner
	C:/Users/71563/go/pkg/mod/github.com/nacos-group/nacos-sdk-go/v2@v2.2.5/clients/config_client/config_client.go:192
github.com/nacos-group/nacos-sdk-go/v2/clients/config_client.(*ConfigClient).GetConfig
	C:/Users/71563/go/pkg/mod/github.com/nacos-group/nacos-sdk-go/v2@v2.2.5/clients/config_client/config_client.go:160
mini-tiktok/service/core/internal/config.(*NacosConf).LoadConfig.func1
	E:/Code/go/mini-tiktok/service/core/internal/config/nacos.go:56
sync.(*Once).doSlow
	D:/golang/src/sync/once.go:74
sync.(*Once).Do
	D:/golang/src/sync/once.go:65
mini-tiktok/service/core/internal/config.(*NacosConf).LoadConfig
	E:/Code/go/mini-tiktok/service/core/internal/config/nacos.go:45
main.main
	E:/Code/go/mini-tiktok/service/core/core.go:26
runtime.main
	D:/golang/src/runtime/proc.go:250
runtime.goexit
	D:/golang/src/runtime/asm_amd64.s:1598
2024-01-15T23:34:21.447+0800	ERROR	rpc/rpc_client.go:525	Send request fail, request=ConfigQueryRequest, body={"requestId":"","group":"dev","dataId":"core-api.yaml","tenant":"6a8f2a93-4459-4b20-885f-686f9f4cc6b9","module":"config","tag":""}, retryTimes=1, error=client not connected, current status:STARTING
github.com/nacos-group/nacos-sdk-go/v2/common/remote/rpc.(*RpcClient).Request
	C:/Users/71563/go/pkg/mod/github.com/nacos-group/nacos-sdk-go/v2@v2.2.5/common/remote/rpc/rpc_client.go:487
github.com/nacos-group/nacos-sdk-go/v2/clients/config_client.(*ConfigProxy).requestProxy
	C:/Users/71563/go/pkg/mod/github.com/nacos-group/nacos-sdk-go/v2@v2.2.5/clients/config_client/config_proxy.go:64
github.com/nacos-group/nacos-sdk-go/v2/clients/config_client.(*ConfigProxy).queryConfig
	C:/Users/71563/go/pkg/mod/github.com/nacos-group/nacos-sdk-go/v2@v2.2.5/clients/config_client/config_proxy.go:116
github.com/nacos-group/nacos-sdk-go/v2/clients/config_client.(*ConfigClient).getConfigInner
	C:/Users/71563/go/pkg/mod/github.com/nacos-group/nacos-sdk-go/v2@v2.2.5/clients/config_client/config_client.go:192
github.com/nacos-group/nacos-sdk-go/v2/clients/config_client.(*ConfigClient).GetConfig
	C:/Users/71563/go/pkg/mod/github.com/nacos-group/nacos-sdk-go/v2@v2.2.5/clients/config_client/config_client.go:160
mini-tiktok/service/core/internal/config.(*NacosConf).LoadConfig.func1
	E:/Code/go/mini-tiktok/service/core/internal/config/nacos.go:56
sync.(*Once).doSlow
	D:/golang/src/sync/once.go:74
sync.(*Once).Do
	D:/golang/src/sync/once.go:65
mini-tiktok/service/core/internal/config.(*NacosConf).LoadConfig
	E:/Code/go/mini-tiktok/service/core/internal/config/nacos.go:45
main.main
	E:/Code/go/mini-tiktok/service/core/core.go:26
runtime.main
	D:/golang/src/runtime/proc.go:250
runtime.goexit
	D:/golang/src/runtime/asm_amd64.s:1598
2024-01-15T23:34:21.555+0800	ERROR	rpc/rpc_client.go:525	Send request fail, request=ConfigQueryRequest, body={"requestId":"","group":"dev","dataId":"core-api.yaml","tenant":"6a8f2a93-4459-4b20-885f-686f9f4cc6b9","module":"config","tag":""}, retryTimes=2, error=client not connected, current status:STARTING
github.com/nacos-group/nacos-sdk-go/v2/common/remote/rpc.(*RpcClient).Request
	C:/Users/71563/go/pkg/mod/github.com/nacos-group/nacos-sdk-go/v2@v2.2.5/common/remote/rpc/rpc_client.go:487
github.com/nacos-group/nacos-sdk-go/v2/clients/config_client.(*ConfigProxy).requestProxy
	C:/Users/71563/go/pkg/mod/github.com/nacos-group/nacos-sdk-go/v2@v2.2.5/clients/config_client/config_proxy.go:64
github.com/nacos-group/nacos-sdk-go/v2/clients/config_client.(*ConfigProxy).queryConfig
	C:/Users/71563/go/pkg/mod/github.com/nacos-group/nacos-sdk-go/v2@v2.2.5/clients/config_client/config_proxy.go:116
github.com/nacos-group/nacos-sdk-go/v2/clients/config_client.(*ConfigClient).getConfigInner
	C:/Users/71563/go/pkg/mod/github.com/nacos-group/nacos-sdk-go/v2@v2.2.5/clients/config_client/config_client.go:192
github.com/nacos-group/nacos-sdk-go/v2/clients/config_client.(*ConfigClient).GetConfig
	C:/Users/71563/go/pkg/mod/github.com/nacos-group/nacos-sdk-go/v2@v2.2.5/clients/config_client/config_client.go:160
mini-tiktok/service/core/internal/config.(*NacosConf).LoadConfig.func1
	E:/Code/go/mini-tiktok/service/core/internal/config/nacos.go:56
sync.(*Once).doSlow
	D:/golang/src/sync/once.go:74
sync.(*Once).Do
	D:/golang/src/sync/once.go:65
mini-tiktok/service/core/internal/config.(*NacosConf).LoadConfig
	E:/Code/go/mini-tiktok/service/core/internal/config/nacos.go:45
main.main
	E:/Code/go/mini-tiktok/service/core/core.go:26
runtime.main
	D:/golang/src/runtime/proc.go:250
runtime.goexit
	D:/golang/src/runtime/asm_amd64.s:1598
2024-01-15T23:34:21.665+0800	ERROR	config_client/config_client.go:195	get config from server error:client not connected, current status:STARTING, dataId=core-api.yaml, group=dev, namespaceId=6a8f2a93-4459-4b20-885f-686f9f4cc6b9
2024-01-16T00:00:15.592+0800	ERROR	cache/disk_cache.go:193	read Config Content failed. cause file doesn't exist, file path: cache\config\core-api.yaml@@dev@@6a8f2a93-4459-4b20-885f-686f9f4cc6b9_failover.
2024-01-16T00:00:15.593+0800	DEBUG	rpc/rpc_client.go:290	config-0-ea35613b-932b-454f-af6e-793d4c0bd0c2 register server push request:ConfigChangeNotifyRequest handler:ConfigChangeNotifyRequestHandler
2024-01-16T00:00:15.593+0800	DEBUG	rpc/rpc_client.go:290	config-0-ea35613b-932b-454f-af6e-793d4c0bd0c2 register server push request:ConnectResetRequest handler:ConnectResetRequestHandler
2024-01-16T00:00:15.593+0800	DEBUG	rpc/rpc_client.go:290	config-0-ea35613b-932b-454f-af6e-793d4c0bd0c2 register server push request:ClientDetectionRequest handler:ClientDetectionRequestHandler
2024-01-16T00:00:15.593+0800	INFO	rpc/rpc_client.go:224	[RpcClient.Start] config-0-ea35613b-932b-454f-af6e-793d4c0bd0c2 try to connect to server on start up, server: {serverIp:101.35.238.12 serverPort:8848 serverGrpcPort:9848}
2024-01-16T00:00:15.677+0800	INFO	util/common.go:96	Local IP:172.20.224.1
2024-01-16T00:00:18.608+0800	WARN	rpc/rpc_client.go:226	[RpcClient.Start] config-0-ea35613b-932b-454f-af6e-793d4c0bd0c2 fail to connect to server on start up, error message=server check request failed , err:rpc error: code = DeadlineExceeded desc = context deadline exceeded, start up retry times left=2
2024-01-16T00:00:18.608+0800	INFO	rpc/rpc_client.go:224	[RpcClient.Start] config-0-ea35613b-932b-454f-af6e-793d4c0bd0c2 try to connect to server on start up, server: {serverIp:101.35.238.12 serverPort:8848 serverGrpcPort:9848}
2024-01-16T00:00:21.622+0800	WARN	rpc/rpc_client.go:226	[RpcClient.Start] config-0-ea35613b-932b-454f-af6e-793d4c0bd0c2 fail to connect to server on start up, error message=server check request failed , err:rpc error: code = DeadlineExceeded desc = context deadline exceeded, start up retry times left=1
2024-01-16T00:00:21.622+0800	INFO	rpc/rpc_client.go:224	[RpcClient.Start] config-0-ea35613b-932b-454f-af6e-793d4c0bd0c2 try to connect to server on start up, server: {serverIp:101.35.238.12 serverPort:8848 serverGrpcPort:9848}
2024-01-16T00:00:24.637+0800	WARN	rpc/rpc_client.go:226	[RpcClient.Start] config-0-ea35613b-932b-454f-af6e-793d4c0bd0c2 fail to connect to server on start up, error message=server check request failed , err:rpc error: code = DeadlineExceeded desc = context deadline exceeded, start up retry times left=0
2024-01-16T00:00:24.637+0800	INFO	rpc/rpc_client.go:322	config-0-ea35613b-932b-454f-af6e-793d4c0bd0c2 try to re connect to a new server, server is not appointed, will choose a random server.
2024-01-16T00:00:24.637+0800	ERROR	rpc/rpc_client.go:525	Send request fail, request=ConfigQueryRequest, body={"requestId":"","group":"dev","dataId":"core-api.yaml","tenant":"6a8f2a93-4459-4b20-885f-686f9f4cc6b9","module":"config","tag":""}, retryTimes=0, error=client not connected, current status:STARTING
github.com/nacos-group/nacos-sdk-go/v2/common/remote/rpc.(*RpcClient).Request
	C:/Users/71563/go/pkg/mod/github.com/nacos-group/nacos-sdk-go/v2@v2.2.5/common/remote/rpc/rpc_client.go:487
github.com/nacos-group/nacos-sdk-go/v2/clients/config_client.(*ConfigProxy).requestProxy
	C:/Users/71563/go/pkg/mod/github.com/nacos-group/nacos-sdk-go/v2@v2.2.5/clients/config_client/config_proxy.go:64
github.com/nacos-group/nacos-sdk-go/v2/clients/config_client.(*ConfigProxy).queryConfig
	C:/Users/71563/go/pkg/mod/github.com/nacos-group/nacos-sdk-go/v2@v2.2.5/clients/config_client/config_proxy.go:116
github.com/nacos-group/nacos-sdk-go/v2/clients/config_client.(*ConfigClient).getConfigInner
	C:/Users/71563/go/pkg/mod/github.com/nacos-group/nacos-sdk-go/v2@v2.2.5/clients/config_client/config_client.go:192
github.com/nacos-group/nacos-sdk-go/v2/clients/config_client.(*ConfigClient).GetConfig
	C:/Users/71563/go/pkg/mod/github.com/nacos-group/nacos-sdk-go/v2@v2.2.5/clients/config_client/config_client.go:160
mini-tiktok/service/core/internal/config.(*NacosConf).LoadConfig.func1
	E:/Code/go/mini-tiktok/service/core/internal/config/nacos.go:56
sync.(*Once).doSlow
	D:/golang/src/sync/once.go:74
sync.(*Once).Do
	D:/golang/src/sync/once.go:65
mini-tiktok/service/core/internal/config.(*NacosConf).LoadConfig
	E:/Code/go/mini-tiktok/service/core/internal/config/nacos.go:45
main.main
	E:/Code/go/mini-tiktok/service/core/core.go:26
runtime.main
	D:/golang/src/runtime/proc.go:250
runtime.goexit
	D:/golang/src/runtime/asm_amd64.s:1598
2024-01-16T00:00:24.745+0800	ERROR	rpc/rpc_client.go:525	Send request fail, request=ConfigQueryRequest, body={"requestId":"","group":"dev","dataId":"core-api.yaml","tenant":"6a8f2a93-4459-4b20-885f-686f9f4cc6b9","module":"config","tag":""}, retryTimes=1, error=client not connected, current status:STARTING
github.com/nacos-group/nacos-sdk-go/v2/common/remote/rpc.(*RpcClient).Request
	C:/Users/71563/go/pkg/mod/github.com/nacos-group/nacos-sdk-go/v2@v2.2.5/common/remote/rpc/rpc_client.go:487
github.com/nacos-group/nacos-sdk-go/v2/clients/config_client.(*ConfigProxy).requestProxy
	C:/Users/71563/go/pkg/mod/github.com/nacos-group/nacos-sdk-go/v2@v2.2.5/clients/config_client/config_proxy.go:64
github.com/nacos-group/nacos-sdk-go/v2/clients/config_client.(*ConfigProxy).queryConfig
	C:/Users/71563/go/pkg/mod/github.com/nacos-group/nacos-sdk-go/v2@v2.2.5/clients/config_client/config_proxy.go:116
github.com/nacos-group/nacos-sdk-go/v2/clients/config_client.(*ConfigClient).getConfigInner
	C:/Users/71563/go/pkg/mod/github.com/nacos-group/nacos-sdk-go/v2@v2.2.5/clients/config_client/config_client.go:192
github.com/nacos-group/nacos-sdk-go/v2/clients/config_client.(*ConfigClient).GetConfig
	C:/Users/71563/go/pkg/mod/github.com/nacos-group/nacos-sdk-go/v2@v2.2.5/clients/config_client/config_client.go:160
mini-tiktok/service/core/internal/config.(*NacosConf).LoadConfig.func1
	E:/Code/go/mini-tiktok/service/core/internal/config/nacos.go:56
sync.(*Once).doSlow
	D:/golang/src/sync/once.go:74
sync.(*Once).Do
	D:/golang/src/sync/once.go:65
mini-tiktok/service/core/internal/config.(*NacosConf).LoadConfig
	E:/Code/go/mini-tiktok/service/core/internal/config/nacos.go:45
main.main
	E:/Code/go/mini-tiktok/service/core/core.go:26
runtime.main
	D:/golang/src/runtime/proc.go:250
runtime.goexit
	D:/golang/src/runtime/asm_amd64.s:1598
2024-01-16T00:00:24.853+0800	ERROR	rpc/rpc_client.go:525	Send request fail, request=ConfigQueryRequest, body={"requestId":"","group":"dev","dataId":"core-api.yaml","tenant":"6a8f2a93-4459-4b20-885f-686f9f4cc6b9","module":"config","tag":""}, retryTimes=2, error=client not connected, current status:STARTING
github.com/nacos-group/nacos-sdk-go/v2/common/remote/rpc.(*RpcClient).Request
	C:/Users/71563/go/pkg/mod/github.com/nacos-group/nacos-sdk-go/v2@v2.2.5/common/remote/rpc/rpc_client.go:487
github.com/nacos-group/nacos-sdk-go/v2/clients/config_client.(*ConfigProxy).requestProxy
	C:/Users/71563/go/pkg/mod/github.com/nacos-group/nacos-sdk-go/v2@v2.2.5/clients/config_client/config_proxy.go:64
github.com/nacos-group/nacos-sdk-go/v2/clients/config_client.(*ConfigProxy).queryConfig
	C:/Users/71563/go/pkg/mod/github.com/nacos-group/nacos-sdk-go/v2@v2.2.5/clients/config_client/config_proxy.go:116
github.com/nacos-group/nacos-sdk-go/v2/clients/config_client.(*ConfigClient).getConfigInner
	C:/Users/71563/go/pkg/mod/github.com/nacos-group/nacos-sdk-go/v2@v2.2.5/clients/config_client/config_client.go:192
github.com/nacos-group/nacos-sdk-go/v2/clients/config_client.(*ConfigClient).GetConfig
	C:/Users/71563/go/pkg/mod/github.com/nacos-group/nacos-sdk-go/v2@v2.2.5/clients/config_client/config_client.go:160
mini-tiktok/service/core/internal/config.(*NacosConf).LoadConfig.func1
	E:/Code/go/mini-tiktok/service/core/internal/config/nacos.go:56
sync.(*Once).doSlow
	D:/golang/src/sync/once.go:74
sync.(*Once).Do
	D:/golang/src/sync/once.go:65
mini-tiktok/service/core/internal/config.(*NacosConf).LoadConfig
	E:/Code/go/mini-tiktok/service/core/internal/config/nacos.go:45
main.main
	E:/Code/go/mini-tiktok/service/core/core.go:26
runtime.main
	D:/golang/src/runtime/proc.go:250
runtime.goexit
	D:/golang/src/runtime/asm_amd64.s:1598
2024-01-16T00:00:24.963+0800	ERROR	config_client/config_client.go:195	get config from server error:client not connected, current status:STARTING, dataId=core-api.yaml, group=dev, namespaceId=6a8f2a93-4459-4b20-885f-686f9f4cc6b9
2024-01-16T01:05:33.813+0800	[34mINFO[0m	clients/client_factory.go:60	logDir:<log>   cacheDir:<cache>
2024-01-16T01:05:33.833+0800	[34mINFO[0m	naming_client/push_receiver.go:81	udp server start, port: 54991
2024-01-16T01:05:33.833+0800	[34mINFO[0m	naming_client/naming_proxy.go:54	register instance namespaceId:<e079933d-9312-41e6-9c0f-de9729c021c3>,serviceName:<DEFAULT_GROUP@@im-nacos-go> with instance:<{"valid":false,"marked":false,"instanceId":"","port":8848,"ip":"127.0.0.1","weight":10,"metadata":{"idc":"shanghai"},"clusterName":"DEFAULT","serviceName":"","enabled":true,"healthy":true,"ephemeral":true}>
2024-01-16T01:05:33.994+0800	[34mINFO[0m	naming_client/beat_reactor.go:68	adding beat: <{"ip":"127.0.0.1","port":8848,"weight":10,"serviceName":"DEFAULT_GROUP@@im-nacos-go","cluster":"DEFAULT","metadata":{"idc":"shanghai"},"scheduled":false}> to beat map
2024-01-16T01:05:33.994+0800	[34mINFO[0m	naming_client/naming_proxy.go:103	namespaceId:<e079933d-9312-41e6-9c0f-de9729c021c3> sending beat to server:<{"ip":"127.0.0.1","port":8848,"weight":10,"serviceName":"DEFAULT_GROUP@@im-nacos-go","cluster":"DEFAULT","metadata":{"idc":"shanghai"},"scheduled":false}>
2024-01-16T01:05:34.083+0800	[34mINFO[0m	util/common.go:94	Local IP:192.168.184.1
2024-01-16T01:05:34.116+0800	[33mWARN[0m	util/common.go:43	instance list is empty,json string:{"hosts":[],"name":"DEFAULT_GROUP@@sso","clusters":"DEFAULT"}
2024-01-16T01:05:34.116+0800	[34mINFO[0m	naming_client/host_reactor.go:100	service not found in cache DEFAULT_GROUP@@sso@@DEFAULT
2024-01-16T01:05:34.119+0800	[34mINFO[0m	clients/client_factory.go:47	logDir:<log>   cacheDir:<cache>
2024-01-16T01:05:34.125+0800	[31mERROR[0m	nacos_server/nacos_server.go:199	api</v1/cs/configs>,method:<GET>, params:<{"dataId":"im-nacos-go","group":"DEFAULT_GROUP","tenant":"e079933d-9312-41e6-9c0f-de9729c021c3"}>, call domain error:<[404] config data not exist
> , result:<config data not exist
>
2024-01-16T01:05:34.127+0800	[31mERROR[0m	nacos_server/nacos_server.go:199	api</v1/cs/configs>,method:<GET>, params:<{"dataId":"im-nacos-go","group":"DEFAULT_GROUP","tenant":"e079933d-9312-41e6-9c0f-de9729c021c3"}>, call domain error:<[404] config data not exist
> , result:<config data not exist
>
2024-01-16T01:05:34.130+0800	[31mERROR[0m	nacos_server/nacos_server.go:199	api</v1/cs/configs>,method:<GET>, params:<{"dataId":"im-nacos-go","group":"DEFAULT_GROUP","tenant":"e079933d-9312-41e6-9c0f-de9729c021c3"}>, call domain error:<[404] config data not exist
> , result:<config data not exist
>
2024-01-16T01:05:34.130+0800	[31mERROR[0m	config_client/config_client.go:202	get config from server error:[404] config data not exist
 
2024-01-16T01:05:34.131+0800	[33mWARN[0m	config_client/config_client.go:207	[client.GetConfig] config not found, dataId: im-nacos-go, group: DEFAULT_GROUP, namespaceId: e079933d-9312-41e6-9c0f-de9729c021c3.
2024-01-16T01:06:27.705+0800	[34mINFO[0m	clients/client_factory.go:60	logDir:<log>   cacheDir:<cache>
2024-01-16T01:06:27.726+0800	[34mINFO[0m	naming_client/push_receiver.go:81	udp server start, port: 55063
2024-01-16T01:06:27.726+0800	[34mINFO[0m	naming_client/naming_proxy.go:54	register instance namespaceId:<e079933d-9312-41e6-9c0f-de9729c021c3>,serviceName:<DEFAULT_GROUP@@im-nacos-go> with instance:<{"valid":false,"marked":false,"instanceId":"","port":8848,"ip":"127.0.0.1","weight":10,"metadata":{"idc":"shanghai"},"clusterName":"DEFAULT","serviceName":"","enabled":true,"healthy":true,"ephemeral":true}>
2024-01-16T01:06:27.731+0800	[34mINFO[0m	naming_client/beat_reactor.go:68	adding beat: <{"ip":"127.0.0.1","port":8848,"weight":10,"serviceName":"DEFAULT_GROUP@@im-nacos-go","cluster":"DEFAULT","metadata":{"idc":"shanghai"},"scheduled":false}> to beat map
2024-01-16T01:06:27.731+0800	[34mINFO[0m	naming_client/naming_proxy.go:103	namespaceId:<e079933d-9312-41e6-9c0f-de9729c021c3> sending beat to server:<{"ip":"127.0.0.1","port":8848,"weight":10,"serviceName":"DEFAULT_GROUP@@im-nacos-go","cluster":"DEFAULT","metadata":{"idc":"shanghai"},"scheduled":false}>
2024-01-16T01:06:27.818+0800	[34mINFO[0m	util/common.go:94	Local IP:192.168.184.1
2024-01-16T01:06:27.823+0800	[33mWARN[0m	util/common.go:43	instance list is empty,json string:{"hosts":[],"name":"DEFAULT_GROUP@@sso","clusters":"DEFAULT"}
2024-01-16T01:06:27.823+0800	[34mINFO[0m	naming_client/host_reactor.go:100	service not found in cache DEFAULT_GROUP@@sso@@DEFAULT
2024-01-16T01:06:27.824+0800	[34mINFO[0m	clients/client_factory.go:47	logDir:<log>   cacheDir:<cache>
2024-01-16T01:06:27.828+0800	[31mERROR[0m	nacos_server/nacos_server.go:199	api</v1/cs/configs>,method:<GET>, params:<{"dataId":"im-nacos-go","group":"DEFAULT_GROUP","tenant":"e079933d-9312-41e6-9c0f-de9729c021c3"}>, call domain error:<[404] config data not exist
> , result:<config data not exist
>
2024-01-16T01:06:27.830+0800	[31mERROR[0m	nacos_server/nacos_server.go:199	api</v1/cs/configs>,method:<GET>, params:<{"dataId":"im-nacos-go","group":"DEFAULT_GROUP","tenant":"e079933d-9312-41e6-9c0f-de9729c021c3"}>, call domain error:<[404] config data not exist
> , result:<config data not exist
>
2024-01-16T01:06:27.832+0800	[31mERROR[0m	nacos_server/nacos_server.go:199	api</v1/cs/configs>,method:<GET>, params:<{"dataId":"im-nacos-go","group":"DEFAULT_GROUP","tenant":"e079933d-9312-41e6-9c0f-de9729c021c3"}>, call domain error:<[404] config data not exist
> , result:<config data not exist
>
2024-01-16T01:06:27.832+0800	[31mERROR[0m	config_client/config_client.go:202	get config from server error:[404] config data not exist
 
2024-01-16T01:06:27.833+0800	[33mWARN[0m	config_client/config_client.go:207	[client.GetConfig] config not found, dataId: im-nacos-go, group: DEFAULT_GROUP, namespaceId: e079933d-9312-41e6-9c0f-de9729c021c3.
2024-01-16T01:06:28.738+0800	[33mWARN[0m	util/common.go:43	instance list is empty,json string:{"hosts":[],"name":"DEFAULT_GROUP@@sso","clusters":"DEFAULT"}
2024-01-16T01:06:28.738+0800	[31mERROR[0m	naming_client/host_reactor.go:91	do not have useful host, ignore it, name:DEFAULT_GROUP@@sso
2024-01-16T01:06:29.739+0800	[33mWARN[0m	util/common.go:43	instance list is empty,json string:{"hosts":[],"name":"DEFAULT_GROUP@@sso","clusters":"DEFAULT"}
2024-01-16T01:06:29.739+0800	[31mERROR[0m	naming_client/host_reactor.go:91	do not have useful host, ignore it, name:DEFAULT_GROUP@@sso
2024-01-16T01:06:30.753+0800	[33mWARN[0m	util/common.go:43	instance list is empty,json string:{"hosts":[],"name":"DEFAULT_GROUP@@sso","clusters":"DEFAULT"}
2024-01-16T01:06:30.753+0800	[31mERROR[0m	naming_client/host_reactor.go:91	do not have useful host, ignore it, name:DEFAULT_GROUP@@sso
2024-01-16T01:06:31.767+0800	[33mWARN[0m	util/common.go:43	instance list is empty,json string:{"hosts":[],"name":"DEFAULT_GROUP@@sso","clusters":"DEFAULT"}
2024-01-16T01:06:31.767+0800	[31mERROR[0m	naming_client/host_reactor.go:91	do not have useful host, ignore it, name:DEFAULT_GROUP@@sso
2024-01-16T01:06:32.749+0800	[34mINFO[0m	naming_client/naming_proxy.go:103	namespaceId:<e079933d-9312-41e6-9c0f-de9729c021c3> sending beat to server:<{"ip":"127.0.0.1","port":8848,"weight":10,"serviceName":"DEFAULT_GROUP@@im-nacos-go","cluster":"DEFAULT","metadata":{"idc":"shanghai"},"scheduled":false}>
2024-01-16T01:06:32.782+0800	[33mWARN[0m	util/common.go:43	instance list is empty,json string:{"hosts":[],"name":"DEFAULT_GROUP@@sso","clusters":"DEFAULT"}
2024-01-16T01:06:32.782+0800	[31mERROR[0m	naming_client/host_reactor.go:91	do not have useful host, ignore it, name:DEFAULT_GROUP@@sso
2024-01-16T01:06:33.796+0800	[33mWARN[0m	util/common.go:43	instance list is empty,json string:{"hosts":[],"name":"DEFAULT_GROUP@@sso","clusters":"DEFAULT"}
2024-01-16T01:06:33.796+0800	[31mERROR[0m	naming_client/host_reactor.go:91	do not have useful host, ignore it, name:DEFAULT_GROUP@@sso
2024-01-16T01:06:34.810+0800	[33mWARN[0m	util/common.go:43	instance list is empty,json string:{"hosts":[],"name":"DEFAULT_GROUP@@sso","clusters":"DEFAULT"}
2024-01-16T01:06:34.810+0800	[31mERROR[0m	naming_client/host_reactor.go:91	do not have useful host, ignore it, name:DEFAULT_GROUP@@sso
2024-01-16T01:06:35.817+0800	[33mWARN[0m	util/common.go:43	instance list is empty,json string:{"hosts":[],"name":"DEFAULT_GROUP@@sso","clusters":"DEFAULT"}
2024-01-16T01:06:35.817+0800	[31mERROR[0m	naming_client/host_reactor.go:91	do not have useful host, ignore it, name:DEFAULT_GROUP@@sso
2024-01-16T01:06:36.824+0800	[33mWARN[0m	util/common.go:43	instance list is empty,json string:{"hosts":[],"name":"DEFAULT_GROUP@@sso","clusters":"DEFAULT"}
2024-01-16T01:06:36.824+0800	[31mERROR[0m	naming_client/host_reactor.go:91	do not have useful host, ignore it, name:DEFAULT_GROUP@@sso
2024-01-16T01:06:37.759+0800	[34mINFO[0m	naming_client/naming_proxy.go:103	namespaceId:<e079933d-9312-41e6-9c0f-de9729c021c3> sending beat to server:<{"ip":"127.0.0.1","port":8848,"weight":10,"serviceName":"DEFAULT_GROUP@@im-nacos-go","cluster":"DEFAULT","metadata":{"idc":"shanghai"},"scheduled":false}>
2024-01-16T01:06:37.824+0800	[33mWARN[0m	util/common.go:43	instance list is empty,json string:{"hosts":[],"name":"DEFAULT_GROUP@@sso","clusters":"DEFAULT"}
2024-01-16T01:06:37.824+0800	[31mERROR[0m	naming_client/host_reactor.go:91	do not have useful host, ignore it, name:DEFAULT_GROUP@@sso
2024-01-16T01:06:38.831+0800	[33mWARN[0m	util/common.go:43	instance list is empty,json string:{"hosts":[],"name":"DEFAULT_GROUP@@sso","clusters":"DEFAULT"}
2024-01-16T01:06:38.831+0800	[31mERROR[0m	naming_client/host_reactor.go:91	do not have useful host, ignore it, name:DEFAULT_GROUP@@sso
2024-01-16T01:06:39.839+0800	[33mWARN[0m	util/common.go:43	instance list is empty,json string:{"hosts":[],"name":"DEFAULT_GROUP@@sso","clusters":"DEFAULT"}
2024-01-16T01:06:39.839+0800	[31mERROR[0m	naming_client/host_reactor.go:91	do not have useful host, ignore it, name:DEFAULT_GROUP@@sso
2024-01-16T01:06:40.839+0800	[33mWARN[0m	util/common.go:43	instance list is empty,json string:{"hosts":[],"name":"DEFAULT_GROUP@@sso","clusters":"DEFAULT"}
2024-01-16T01:06:40.839+0800	[31mERROR[0m	naming_client/host_reactor.go:91	do not have useful host, ignore it, name:DEFAULT_GROUP@@sso
2024-01-16T01:06:41.843+0800	[33mWARN[0m	util/common.go:43	instance list is empty,json string:{"hosts":[],"name":"DEFAULT_GROUP@@sso","clusters":"DEFAULT"}
2024-01-16T01:06:41.843+0800	[31mERROR[0m	naming_client/host_reactor.go:91	do not have useful host, ignore it, name:DEFAULT_GROUP@@sso
2024-01-16T01:06:42.777+0800	[34mINFO[0m	naming_client/naming_proxy.go:103	namespaceId:<e079933d-9312-41e6-9c0f-de9729c021c3> sending beat to server:<{"ip":"127.0.0.1","port":8848,"weight":10,"serviceName":"DEFAULT_GROUP@@im-nacos-go","cluster":"DEFAULT","metadata":{"idc":"shanghai"},"scheduled":false}>
2024-01-16T01:06:42.857+0800	[33mWARN[0m	util/common.go:43	instance list is empty,json string:{"hosts":[],"name":"DEFAULT_GROUP@@sso","clusters":"DEFAULT"}
2024-01-16T01:06:42.857+0800	[31mERROR[0m	naming_client/host_reactor.go:91	do not have useful host, ignore it, name:DEFAULT_GROUP@@sso
2024-01-16T01:06:43.859+0800	[33mWARN[0m	util/common.go:43	instance list is empty,json string:{"hosts":[],"name":"DEFAULT_GROUP@@sso","clusters":"DEFAULT"}
2024-01-16T01:06:43.859+0800	[31mERROR[0m	naming_client/host_reactor.go:91	do not have useful host, ignore it, name:DEFAULT_GROUP@@sso
2024-01-16T01:06:44.860+0800	[33mWARN[0m	util/common.go:43	instance list is empty,json string:{"hosts":[],"name":"DEFAULT_GROUP@@sso","clusters":"DEFAULT"}
2024-01-16T01:06:44.860+0800	[31mERROR[0m	naming_client/host_reactor.go:91	do not have useful host, ignore it, name:DEFAULT_GROUP@@sso
2024-01-16T01:06:45.872+0800	[33mWARN[0m	util/common.go:43	instance list is empty,json string:{"hosts":[],"name":"DEFAULT_GROUP@@sso","clusters":"DEFAULT"}
2024-01-16T01:06:45.872+0800	[31mERROR[0m	naming_client/host_reactor.go:91	do not have useful host, ignore it, name:DEFAULT_GROUP@@sso
2024-01-16T01:06:46.886+0800	[33mWARN[0m	util/common.go:43	instance list is empty,json string:{"hosts":[],"name":"DEFAULT_GROUP@@sso","clusters":"DEFAULT"}
2024-01-16T01:06:46.886+0800	[31mERROR[0m	naming_client/host_reactor.go:91	do not have useful host, ignore it, name:DEFAULT_GROUP@@sso
2024-01-16T01:06:47.790+0800	[34mINFO[0m	naming_client/naming_proxy.go:103	namespaceId:<e079933d-9312-41e6-9c0f-de9729c021c3> sending beat to server:<{"ip":"127.0.0.1","port":8848,"weight":10,"serviceName":"DEFAULT_GROUP@@im-nacos-go","cluster":"DEFAULT","metadata":{"idc":"shanghai"},"scheduled":false}>
2024-01-16T01:08:51.950+0800	[34mINFO[0m	clients/client_factory.go:60	logDir:<log>   cacheDir:<cache>
2024-01-16T01:08:51.971+0800	[31mERROR[0m	naming_client/push_receiver.go:66	error listening :55597,err:listen udp :55597: bind: An attempt was made to access a socket in a way forbidden by its access permissions.
2024-01-16T01:08:51.971+0800	[34mINFO[0m	naming_client/push_receiver.go:81	udp server start, port: 55114
2024-01-16T01:08:51.971+0800	[34mINFO[0m	naming_client/naming_proxy.go:54	register instance namespaceId:<e079933d-9312-41e6-9c0f-de9729c021c3>,serviceName:<DEFAULT_GROUP@@im-nacos-go> with instance:<{"valid":false,"marked":false,"instanceId":"","port":8848,"ip":"127.0.0.1","weight":10,"metadata":{"idc":"shanghai"},"clusterName":"DEFAULT","serviceName":"","enabled":true,"healthy":true,"ephemeral":true}>
2024-01-16T01:08:51.976+0800	[34mINFO[0m	naming_client/beat_reactor.go:68	adding beat: <{"ip":"127.0.0.1","port":8848,"weight":10,"serviceName":"DEFAULT_GROUP@@im-nacos-go","cluster":"DEFAULT","metadata":{"idc":"shanghai"},"scheduled":false}> to beat map
2024-01-16T01:08:51.976+0800	[34mINFO[0m	naming_client/naming_proxy.go:103	namespaceId:<e079933d-9312-41e6-9c0f-de9729c021c3> sending beat to server:<{"ip":"127.0.0.1","port":8848,"weight":10,"serviceName":"DEFAULT_GROUP@@im-nacos-go","cluster":"DEFAULT","metadata":{"idc":"shanghai"},"scheduled":false}>
2024-01-16T01:08:52.069+0800	[34mINFO[0m	util/common.go:94	Local IP:192.168.184.1
2024-01-16T01:08:52.073+0800	[33mWARN[0m	util/common.go:43	instance list is empty,json string:{"hosts":[],"name":"DEFAULT_GROUP@@sso","clusters":"DEFAULT"}
2024-01-16T01:08:52.073+0800	[34mINFO[0m	naming_client/host_reactor.go:100	service not found in cache DEFAULT_GROUP@@sso@@DEFAULT
2024-01-16T01:08:52.074+0800	[34mINFO[0m	clients/client_factory.go:47	logDir:<log>   cacheDir:<cache>
2024-01-16T01:08:52.076+0800	[31mERROR[0m	nacos_server/nacos_server.go:199	api</v1/cs/configs>,method:<GET>, params:<{"dataId":"im-nacos-go","group":"DEFAULT_GROUP","tenant":"e079933d-9312-41e6-9c0f-de9729c021c3"}>, call domain error:<[404] config data not exist
> , result:<config data not exist
>
2024-01-16T01:08:52.078+0800	[31mERROR[0m	nacos_server/nacos_server.go:199	api</v1/cs/configs>,method:<GET>, params:<{"dataId":"im-nacos-go","group":"DEFAULT_GROUP","tenant":"e079933d-9312-41e6-9c0f-de9729c021c3"}>, call domain error:<[404] config data not exist
> , result:<config data not exist
>
2024-01-16T01:08:52.080+0800	[31mERROR[0m	nacos_server/nacos_server.go:199	api</v1/cs/configs>,method:<GET>, params:<{"dataId":"im-nacos-go","group":"DEFAULT_GROUP","tenant":"e079933d-9312-41e6-9c0f-de9729c021c3"}>, call domain error:<[404] config data not exist
> , result:<config data not exist
>
2024-01-16T01:08:52.080+0800	[31mERROR[0m	config_client/config_client.go:202	get config from server error:[404] config data not exist
 
2024-01-16T01:08:52.080+0800	[33mWARN[0m	config_client/config_client.go:207	[client.GetConfig] config not found, dataId: im-nacos-go, group: DEFAULT_GROUP, namespaceId: e079933d-9312-41e6-9c0f-de9729c021c3.
2024-01-16T01:08:52.987+0800	[33mWARN[0m	util/common.go:43	instance list is empty,json string:{"hosts":[],"name":"DEFAULT_GROUP@@sso","clusters":"DEFAULT"}
2024-01-16T01:08:52.987+0800	[31mERROR[0m	naming_client/host_reactor.go:91	do not have useful host, ignore it, name:DEFAULT_GROUP@@sso
2024-01-16T01:08:53.999+0800	[33mWARN[0m	util/common.go:43	instance list is empty,json string:{"hosts":[],"name":"DEFAULT_GROUP@@sso","clusters":"DEFAULT"}
2024-01-16T01:08:53.999+0800	[31mERROR[0m	naming_client/host_reactor.go:91	do not have useful host, ignore it, name:DEFAULT_GROUP@@sso
2024-01-16T01:08:55.000+0800	[33mWARN[0m	util/common.go:43	instance list is empty,json string:{"hosts":[],"name":"DEFAULT_GROUP@@sso","clusters":"DEFAULT"}
2024-01-16T01:08:55.000+0800	[31mERROR[0m	naming_client/host_reactor.go:91	do not have useful host, ignore it, name:DEFAULT_GROUP@@sso
2024-01-16T01:08:56.011+0800	[33mWARN[0m	util/common.go:43	instance list is empty,json string:{"hosts":[],"name":"DEFAULT_GROUP@@sso","clusters":"DEFAULT"}
2024-01-16T01:08:56.011+0800	[31mERROR[0m	naming_client/host_reactor.go:91	do not have useful host, ignore it, name:DEFAULT_GROUP@@sso
2024-01-16T01:08:56.982+0800	[34mINFO[0m	naming_client/naming_proxy.go:103	namespaceId:<e079933d-9312-41e6-9c0f-de9729c021c3> sending beat to server:<{"ip":"127.0.0.1","port":8848,"weight":10,"serviceName":"DEFAULT_GROUP@@im-nacos-go","cluster":"DEFAULT","metadata":{"idc":"shanghai"},"scheduled":false}>
2024-01-16T01:08:57.015+0800	[33mWARN[0m	util/common.go:43	instance list is empty,json string:{"hosts":[],"name":"DEFAULT_GROUP@@sso","clusters":"DEFAULT"}
2024-01-16T01:08:57.015+0800	[31mERROR[0m	naming_client/host_reactor.go:91	do not have useful host, ignore it, name:DEFAULT_GROUP@@sso
2024-01-16T01:08:58.019+0800	[33mWARN[0m	util/common.go:43	instance list is empty,json string:{"hosts":[],"name":"DEFAULT_GROUP@@sso","clusters":"DEFAULT"}
2024-01-16T01:08:58.019+0800	[31mERROR[0m	naming_client/host_reactor.go:91	do not have useful host, ignore it, name:DEFAULT_GROUP@@sso
2024-01-16T01:08:59.030+0800	[33mWARN[0m	util/common.go:43	instance list is empty,json string:{"hosts":[],"name":"DEFAULT_GROUP@@sso","clusters":"DEFAULT"}
2024-01-16T01:08:59.030+0800	[31mERROR[0m	naming_client/host_reactor.go:91	do not have useful host, ignore it, name:DEFAULT_GROUP@@sso
2024-01-16T01:09:00.045+0800	[33mWARN[0m	util/common.go:43	instance list is empty,json string:{"hosts":[],"name":"DEFAULT_GROUP@@sso","clusters":"DEFAULT"}
2024-01-16T01:09:00.045+0800	[31mERROR[0m	naming_client/host_reactor.go:91	do not have useful host, ignore it, name:DEFAULT_GROUP@@sso
2024-01-16T01:09:01.046+0800	[33mWARN[0m	util/common.go:43	instance list is empty,json string:{"hosts":[],"name":"DEFAULT_GROUP@@sso","clusters":"DEFAULT"}
2024-01-16T01:09:01.046+0800	[31mERROR[0m	naming_client/host_reactor.go:91	do not have useful host, ignore it, name:DEFAULT_GROUP@@sso
2024-01-16T01:09:01.994+0800	[34mINFO[0m	naming_client/naming_proxy.go:103	namespaceId:<e079933d-9312-41e6-9c0f-de9729c021c3> sending beat to server:<{"ip":"127.0.0.1","port":8848,"weight":10,"serviceName":"DEFAULT_GROUP@@im-nacos-go","cluster":"DEFAULT","metadata":{"idc":"shanghai"},"scheduled":false}>
2024-01-16T01:09:02.058+0800	[33mWARN[0m	util/common.go:43	instance list is empty,json string:{"hosts":[],"name":"DEFAULT_GROUP@@sso","clusters":"DEFAULT"}
2024-01-16T01:09:02.058+0800	[31mERROR[0m	naming_client/host_reactor.go:91	do not have useful host, ignore it, name:DEFAULT_GROUP@@sso
2024-01-16T01:09:03.074+0800	[33mWARN[0m	util/common.go:43	instance list is empty,json string:{"hosts":[],"name":"DEFAULT_GROUP@@sso","clusters":"DEFAULT"}
2024-01-16T01:09:03.074+0800	[31mERROR[0m	naming_client/host_reactor.go:91	do not have useful host, ignore it, name:DEFAULT_GROUP@@sso
2024-01-16T01:09:04.087+0800	[33mWARN[0m	util/common.go:43	instance list is empty,json string:{"hosts":[],"name":"DEFAULT_GROUP@@sso","clusters":"DEFAULT"}
2024-01-16T01:09:04.087+0800	[31mERROR[0m	naming_client/host_reactor.go:91	do not have useful host, ignore it, name:DEFAULT_GROUP@@sso
2024-01-16T01:09:05.088+0800	[33mWARN[0m	util/common.go:43	instance list is empty,json string:{"hosts":[],"name":"DEFAULT_GROUP@@sso","clusters":"DEFAULT"}
2024-01-16T01:09:05.088+0800	[31mERROR[0m	naming_client/host_reactor.go:91	do not have useful host, ignore it, name:DEFAULT_GROUP@@sso
2024-01-16T01:09:06.089+0800	[33mWARN[0m	util/common.go:43	instance list is empty,json string:{"hosts":[],"name":"DEFAULT_GROUP@@sso","clusters":"DEFAULT"}
2024-01-16T01:09:06.089+0800	[31mERROR[0m	naming_client/host_reactor.go:91	do not have useful host, ignore it, name:DEFAULT_GROUP@@sso
2024-01-16T01:09:12.847+0800	[34mINFO[0m	clients/client_factory.go:60	logDir:<log>   cacheDir:<cache>
2024-01-16T01:09:12.869+0800	[31mERROR[0m	naming_client/push_receiver.go:66	error listening :55681,err:listen udp :55681: bind: An attempt was made to access a socket in a way forbidden by its access permissions.
2024-01-16T01:09:12.869+0800	[31mERROR[0m	naming_client/push_receiver.go:66	error listening :55701,err:listen udp :55701: bind: An attempt was made to access a socket in a way forbidden by its access permissions.
2024-01-16T01:09:12.869+0800	[31mERROR[0m	naming_client/push_receiver.go:66	error listening :55610,err:listen udp :55610: bind: An attempt was made to access a socket in a way forbidden by its access permissions.
2024-01-16T01:09:12.869+0800	[31mERROR[0m	naming_client/push_receiver.go:85	failed to start udp server after trying 3 times.
2024-01-16T01:09:12.869+0800	[34mINFO[0m	naming_client/naming_proxy.go:54	register instance namespaceId:<e079933d-9312-41e6-9c0f-de9729c021c3>,serviceName:<DEFAULT_GROUP@@im-nacos-go> with instance:<{"valid":false,"marked":false,"instanceId":"","port":8848,"ip":"127.0.0.1","weight":10,"metadata":{"idc":"shanghai"},"clusterName":"DEFAULT","serviceName":"","enabled":true,"healthy":true,"ephemeral":true}>
2024-01-16T01:09:12.873+0800	[34mINFO[0m	naming_client/beat_reactor.go:68	adding beat: <{"ip":"127.0.0.1","port":8848,"weight":10,"serviceName":"DEFAULT_GROUP@@im-nacos-go","cluster":"DEFAULT","metadata":{"idc":"shanghai"},"scheduled":false}> to beat map
2024-01-16T01:09:12.873+0800	[34mINFO[0m	naming_client/naming_proxy.go:103	namespaceId:<e079933d-9312-41e6-9c0f-de9729c021c3> sending beat to server:<{"ip":"127.0.0.1","port":8848,"weight":10,"serviceName":"DEFAULT_GROUP@@im-nacos-go","cluster":"DEFAULT","metadata":{"idc":"shanghai"},"scheduled":false}>
2024-01-16T01:09:17.885+0800	[34mINFO[0m	naming_client/naming_proxy.go:103	namespaceId:<e079933d-9312-41e6-9c0f-de9729c021c3> sending beat to server:<{"ip":"127.0.0.1","port":8848,"weight":10,"serviceName":"DEFAULT_GROUP@@im-nacos-go","cluster":"DEFAULT","metadata":{"idc":"shanghai"},"scheduled":false}>
2024-01-16T01:09:22.894+0800	[34mINFO[0m	naming_client/naming_proxy.go:103	namespaceId:<e079933d-9312-41e6-9c0f-de9729c021c3> sending beat to server:<{"ip":"127.0.0.1","port":8848,"weight":10,"serviceName":"DEFAULT_GROUP@@im-nacos-go","cluster":"DEFAULT","metadata":{"idc":"shanghai"},"scheduled":false}>
2024-01-16T01:09:27.911+0800	[34mINFO[0m	naming_client/naming_proxy.go:103	namespaceId:<e079933d-9312-41e6-9c0f-de9729c021c3> sending beat to server:<{"ip":"127.0.0.1","port":8848,"weight":10,"serviceName":"DEFAULT_GROUP@@im-nacos-go","cluster":"DEFAULT","metadata":{"idc":"shanghai"},"scheduled":false}>
2024-01-16T01:09:32.920+0800	[34mINFO[0m	naming_client/naming_proxy.go:103	namespaceId:<e079933d-9312-41e6-9c0f-de9729c021c3> sending beat to server:<{"ip":"127.0.0.1","port":8848,"weight":10,"serviceName":"DEFAULT_GROUP@@im-nacos-go","cluster":"DEFAULT","metadata":{"idc":"shanghai"},"scheduled":false}>
2024-01-16T01:09:32.959+0800	[34mINFO[0m	util/common.go:94	Local IP:192.168.184.1
2024-01-16T01:09:32.962+0800	[33mWARN[0m	util/common.go:43	instance list is empty,json string:{"hosts":[],"name":"DEFAULT_GROUP@@sso","clusters":"DEFAULT"}
2024-01-16T01:09:32.962+0800	[34mINFO[0m	naming_client/host_reactor.go:100	service not found in cache DEFAULT_GROUP@@sso@@DEFAULT
2024-01-16T01:09:32.964+0800	[34mINFO[0m	clients/client_factory.go:47	logDir:<log>   cacheDir:<cache>
2024-01-16T01:09:32.967+0800	[31mERROR[0m	nacos_server/nacos_server.go:199	api</v1/cs/configs>,method:<GET>, params:<{"dataId":"im-nacos-go","group":"DEFAULT_GROUP","tenant":"e079933d-9312-41e6-9c0f-de9729c021c3"}>, call domain error:<[404] config data not exist
> , result:<config data not exist
>
2024-01-16T01:09:32.969+0800	[31mERROR[0m	nacos_server/nacos_server.go:199	api</v1/cs/configs>,method:<GET>, params:<{"dataId":"im-nacos-go","group":"DEFAULT_GROUP","tenant":"e079933d-9312-41e6-9c0f-de9729c021c3"}>, call domain error:<[404] config data not exist
> , result:<config data not exist
>
2024-01-16T01:09:32.971+0800	[31mERROR[0m	nacos_server/nacos_server.go:199	api</v1/cs/configs>,method:<GET>, params:<{"dataId":"im-nacos-go","group":"DEFAULT_GROUP","tenant":"e079933d-9312-41e6-9c0f-de9729c021c3"}>, call domain error:<[404] config data not exist
> , result:<config data not exist
>
2024-01-16T01:09:32.971+0800	[31mERROR[0m	config_client/config_client.go:202	get config from server error:[404] config data not exist
 
2024-01-16T01:09:32.971+0800	[33mWARN[0m	config_client/config_client.go:207	[client.GetConfig] config not found, dataId: im-nacos-go, group: DEFAULT_GROUP, namespaceId: e079933d-9312-41e6-9c0f-de9729c021c3.
2024-01-16T01:09:33.047+0800	[33mWARN[0m	util/common.go:43	instance list is empty,json string:{"hosts":[],"name":"DEFAULT_GROUP@@sso","clusters":"DEFAULT"}
2024-01-16T01:09:33.047+0800	[31mERROR[0m	naming_client/host_reactor.go:91	do not have useful host, ignore it, name:DEFAULT_GROUP@@sso
2024-01-16T01:09:34.062+0800	[33mWARN[0m	util/common.go:43	instance list is empty,json string:{"hosts":[],"name":"DEFAULT_GROUP@@sso","clusters":"DEFAULT"}
2024-01-16T01:09:34.062+0800	[31mERROR[0m	naming_client/host_reactor.go:91	do not have useful host, ignore it, name:DEFAULT_GROUP@@sso
2024-01-16T01:09:35.076+0800	[33mWARN[0m	util/common.go:43	instance list is empty,json string:{"hosts":[],"name":"DEFAULT_GROUP@@sso","clusters":"DEFAULT"}
2024-01-16T01:09:35.076+0800	[31mERROR[0m	naming_client/host_reactor.go:91	do not have useful host, ignore it, name:DEFAULT_GROUP@@sso
2024-01-16T01:09:36.091+0800	[33mWARN[0m	util/common.go:43	instance list is empty,json string:{"hosts":[],"name":"DEFAULT_GROUP@@sso","clusters":"DEFAULT"}
2024-01-16T01:09:36.091+0800	[31mERROR[0m	naming_client/host_reactor.go:91	do not have useful host, ignore it, name:DEFAULT_GROUP@@sso
2024-01-16T01:09:37.105+0800	[33mWARN[0m	util/common.go:43	instance list is empty,json string:{"hosts":[],"name":"DEFAULT_GROUP@@sso","clusters":"DEFAULT"}
2024-01-16T01:09:37.105+0800	[31mERROR[0m	naming_client/host_reactor.go:91	do not have useful host, ignore it, name:DEFAULT_GROUP@@sso
2024-01-16T01:09:37.935+0800	[34mINFO[0m	naming_client/naming_proxy.go:103	namespaceId:<e079933d-9312-41e6-9c0f-de9729c021c3> sending beat to server:<{"ip":"127.0.0.1","port":8848,"weight":10,"serviceName":"DEFAULT_GROUP@@im-nacos-go","cluster":"DEFAULT","metadata":{"idc":"shanghai"},"scheduled":false}>
2024-01-16T01:09:38.109+0800	[33mWARN[0m	util/common.go:43	instance list is empty,json string:{"hosts":[],"name":"DEFAULT_GROUP@@sso","clusters":"DEFAULT"}
2024-01-16T01:09:38.109+0800	[31mERROR[0m	naming_client/host_reactor.go:91	do not have useful host, ignore it, name:DEFAULT_GROUP@@sso
2024-01-16T01:09:39.122+0800	[33mWARN[0m	util/common.go:43	instance list is empty,json string:{"hosts":[],"name":"DEFAULT_GROUP@@sso","clusters":"DEFAULT"}
2024-01-16T01:09:39.122+0800	[31mERROR[0m	naming_client/host_reactor.go:91	do not have useful host, ignore it, name:DEFAULT_GROUP@@sso
2024-01-16T01:09:40.123+0800	[33mWARN[0m	util/common.go:43	instance list is empty,json string:{"hosts":[],"name":"DEFAULT_GROUP@@sso","clusters":"DEFAULT"}
2024-01-16T01:09:40.123+0800	[31mERROR[0m	naming_client/host_reactor.go:91	do not have useful host, ignore it, name:DEFAULT_GROUP@@sso
2024-01-16T01:09:41.128+0800	[33mWARN[0m	util/common.go:43	instance list is empty,json string:{"hosts":[],"name":"DEFAULT_GROUP@@sso","clusters":"DEFAULT"}
2024-01-16T01:09:41.128+0800	[31mERROR[0m	naming_client/host_reactor.go:91	do not have useful host, ignore it, name:DEFAULT_GROUP@@sso
2024-01-16T01:09:42.138+0800	[33mWARN[0m	util/common.go:43	instance list is empty,json string:{"hosts":[],"name":"DEFAULT_GROUP@@sso","clusters":"DEFAULT"}
2024-01-16T01:09:42.138+0800	[31mERROR[0m	naming_client/host_reactor.go:91	do not have useful host, ignore it, name:DEFAULT_GROUP@@sso
2024-01-16T01:09:42.951+0800	[34mINFO[0m	naming_client/naming_proxy.go:103	namespaceId:<e079933d-9312-41e6-9c0f-de9729c021c3> sending beat to server:<{"ip":"127.0.0.1","port":8848,"weight":10,"serviceName":"DEFAULT_GROUP@@im-nacos-go","cluster":"DEFAULT","metadata":{"idc":"shanghai"},"scheduled":false}>
2024-01-16T01:09:43.142+0800	[33mWARN[0m	util/common.go:43	instance list is empty,json string:{"hosts":[],"name":"DEFAULT_GROUP@@sso","clusters":"DEFAULT"}
2024-01-16T01:09:43.142+0800	[31mERROR[0m	naming_client/host_reactor.go:91	do not have useful host, ignore it, name:DEFAULT_GROUP@@sso
2024-01-16T01:09:44.155+0800	[33mWARN[0m	util/common.go:43	instance list is empty,json string:{"hosts":[],"name":"DEFAULT_GROUP@@sso","clusters":"DEFAULT"}
2024-01-16T01:09:44.155+0800	[31mERROR[0m	naming_client/host_reactor.go:91	do not have useful host, ignore it, name:DEFAULT_GROUP@@sso
2024-01-16T01:09:45.155+0800	[33mWARN[0m	util/common.go:43	instance list is empty,json string:{"hosts":[],"name":"DEFAULT_GROUP@@sso","clusters":"DEFAULT"}
2024-01-16T01:09:45.155+0800	[31mERROR[0m	naming_client/host_reactor.go:91	do not have useful host, ignore it, name:DEFAULT_GROUP@@sso
2024-01-16T01:09:46.165+0800	[33mWARN[0m	util/common.go:43	instance list is empty,json string:{"hosts":[],"name":"DEFAULT_GROUP@@sso","clusters":"DEFAULT"}
2024-01-16T01:09:46.166+0800	[31mERROR[0m	naming_client/host_reactor.go:91	do not have useful host, ignore it, name:DEFAULT_GROUP@@sso
2024-01-16T01:09:47.176+0800	[33mWARN[0m	util/common.go:43	instance list is empty,json string:{"hosts":[],"name":"DEFAULT_GROUP@@sso","clusters":"DEFAULT"}
2024-01-16T01:09:47.176+0800	[31mERROR[0m	naming_client/host_reactor.go:91	do not have useful host, ignore it, name:DEFAULT_GROUP@@sso
